This is pdfTeX, Version 3.141592653-2.6-1.40.23 (MiKTeX 21.8) (preloaded format=pdflatex 2021.9.12)  11 DEC 2021 01:02
entering extended mode
**./Monografia.tex
(Monografia.tex
LaTeX2e <2021-06-01> patch level 1
L3 programming layer <2021-08-27>
(C:\Users\hugos\AppData\Local\Programs\MiKTeX\tex/latex/abntex2\abntex2.cls
Document Class: abntex2 2018/11/24 v-1.9.7 abnTeX2
(C:\Users\hugos\AppData\Local\Programs\MiKTeX\tex/latex/base\ifthen.sty
Package: ifthen 2020/11/24 v1.1c Standard LaTeX ifthen package (DPC)
)
(C:\Users\hugos\AppData\Local\Programs\MiKTeX\tex/latex/memoir\memoir.cls
Document Class: memoir 2021/06/16 v3.7p configurable book, report, article docu
ment class
\onelineskip=\skip47
\lxvchars=\skip48
\xlvchars=\skip49
\@memcnta=\count182
\c@@memmarkcntra=\count183
(C:\Users\hugos\AppData\Local\Programs\MiKTeX\tex/generic/iftex\iftex.sty
Package: iftex 2020/03/06 v1.0d TeX engine tests
)
\stockheight=\skip50
\stockwidth=\skip51
\trimtop=\skip52
\trimedge=\skip53

(C:\Users\hugos\AppData\Local\Programs\MiKTeX\tex/latex/memoir\mem12.clo
File: mem12.clo 2010/10/19 v0.4b memoir class 12pt size option
)
\binding=\skip54
\spinemargin=\skip55
\foremargin=\skip56
\uppermargin=\skip57
\lowermargin=\skip58
\headdrop=\skip59
\normalrulethickness=\skip60
\mem@maxheadheight=\skip61
\mem@maxfootheight=\skip62
\headwidth=\skip63
\c@storedpagenumber=\count184
\memPD=\dimen138
\m@mabparskip=\skip64
\thanksmarkwidth=\skip65
\thanksmarksep=\skip66
\droptitle=\skip67
\c@book=\count185
\c@part=\count186
\c@chapter=\count187
\c@section=\count188
\c@subsection=\count189
\c@subsubsection=\count190
\c@paragraph=\count191
\c@subparagraph=\count192
\beforechapskip=\skip68
\midchapskip=\skip69
\afterchapskip=\skip70
\chapindent=\skip71
\bottomsectionskip=\skip72
\secindent=\skip73
\beforesecskip=\skip74
\aftersecskip=\skip75
\subsecindent=\skip76
\beforesubsecskip=\skip77
\aftersubsecskip=\skip78
\subsubsecindent=\skip79
\beforesubsubsecskip=\skip80
\aftersubsubsecskip=\skip81
\paraindent=\skip82
\beforeparaskip=\skip83
\afterparaskip=\skip84
\subparaindent=\skip85
\beforesubparaskip=\skip86
\aftersubparaskip=\skip87
\pfbreakskip=\skip88
\c@@ppsavesec=\count193
\c@@ppsaveapp=\count194
\ragrparindent=\dimen139
\everylistparindent=\dimen140
\parsepi=\skip89
\topsepi=\skip90
\itemsepi=\skip91
\parsepii=\skip92
\topsepii=\skip93
\topsepiii=\skip94
\itemsepii=\skip95
\itemsepiii=\skip96
\partopsepii=\skip97
\partopsepiii=\skip98
\m@msavetopsep=\skip99
\m@msavepartopsep=\skip100
\@enLab=\toks16
\abstitleskip=\skip101
\absleftindent=\skip102
\abs@leftindent=\dimen141
\absrightindent=\skip103
\absparindent=\skip104
\absparsep=\skip105
\c@vslineno=\count195
\c@poemline=\count196
\c@modulo@vs=\count197
\c@memfvsline=\count198
\vleftskip=\skip106
\vrightskip=\skip107
\stanzaskip=\skip108
\versewidth=\skip109
\vgap=\skip110
\vindent=\skip111
\vleftmargin=\dimen142
\c@verse=\count199
\c@chrsinstr=\count266
\beforepoemtitleskip=\skip112
\afterpoemtitleskip=\skip113
\c@poem=\count267
\beforePoemTitleskip=\skip114
\midPoemTitleskip=\skip115
\afterPoemTitleskip=\skip116

(C:\Users\hugos\AppData\Local\Programs\MiKTeX\tex/latex/tools\array.sty
Package: array 2021/04/20 v2.5e Tabular extension package (FMi)
\col@sep=\dimen143
\ar@mcellbox=\box50
\extrarowheight=\dimen144
\NC@list=\toks17
\extratabsurround=\skip117
\backup@length=\skip118
\ar@cellbox=\box51
)
(C:\Users\hugos\AppData\Local\Programs\MiKTeX\tex/latex/tools\dcolumn.sty
Package: dcolumn 2014/10/28 v1.06 decimal alignment package (DPC)
)
(C:\Users\hugos\AppData\Local\Programs\MiKTeX\tex/latex/tools\delarray.sty
Package: delarray 2014/10/28 v1.01 array delimiter package (DPC)
)
(C:\Users\hugos\AppData\Local\Programs\MiKTeX\tex/latex/tools\tabularx.sty
Package: tabularx 2020/01/15 v2.11c `tabularx' package (DPC)
\TX@col@width=\dimen145
\TX@old@table=\dimen146
\TX@old@col=\dimen147
\TX@target=\dimen148
\TX@delta=\dimen149
\TX@cols=\count268
\TX@ftn=\toks18
)
\heavyrulewidth=\dimen150
\lightrulewidth=\dimen151
\cmidrulewidth=\dimen152
\belowrulesep=\dimen153
\belowbottomsep=\dimen154
\aboverulesep=\dimen155
\abovetopsep=\dimen156
\cmidrulesep=\dimen157
\cmidrulekern=\dimen158
\defaultaddspace=\dimen159
\@cmidla=\count269
\@cmidlb=\count270
\@aboverulesep=\dimen160
\@belowrulesep=\dimen161
\@thisruleclass=\count271
\@lastruleclass=\count272
\@thisrulewidth=\dimen162
\ctableftskip=\skip119
\ctabrightskip=\skip120
\abovecolumnspenalty=\count273
\@linestogo=\count274
\@cellstogo=\count275
\@cellsincolumn=\count276
\crtok=\toks19
\@mincolumnwidth=\dimen163
\c@newflo@tctr=\count277
\mem@margin@floatbox=\box52
\@contcwidth=\skip121
\@contindw=\skip122
\abovecaptionskip=\skip123
\belowcaptionskip=\skip124
\subfloattopskip=\skip125
\subfloatcapskip=\skip126
\subfloatcaptopadj=\skip127
\subfloatbottomskip=\skip128
\subfloatlabelskip=\skip129
\subfloatcapmargin=\dimen164
\c@@contsubnum=\count278
\m@mscap@capbox=\box53
\m@mscap@fbox=\box54
\sidecapsep=\dimen165
\sidecapwidth=\dimen166
\m@m@tempdima=\dimen167
\m@mscapraise=\dimen168
\sidecapraise=\dimen169
\m@mscapmainwidth=\dimen170
\m@mscaplkern=\dimen171
\beforeepigraphskip=\skip130
\afterepigraphskip=\skip131
\epigraphwidth=\skip132
\epigraphrule=\skip133
LaTeX Info: Redefining \em on input line 7654.
LaTeX Info: Redefining \emph on input line 7662.
\tocentryskip=\skip134
\tocbaseline=\skip135
\cftparskip=\skip136
\cftbeforebookskip=\skip137
\cftbookindent=\dimen172
\cftbooknumwidth=\dimen173
\cftbeforepartskip=\skip138
\cftpartindent=\skip139
\cftpartnumwidth=\skip140
\cftbeforechapterskip=\skip141
\cftchapterindent=\skip142
\cftchapternumwidth=\skip143
\cftbeforesectionskip=\skip144
\cftsectionindent=\skip145
\cftsectionnumwidth=\skip146
\cftbeforesubsectionskip=\skip147
\cftsubsectionindent=\skip148
\cftsubsectionnumwidth=\skip149
\cftbeforesubsubsectionskip=\skip150
\cftsubsubsectionindent=\skip151
\cftsubsubsectionnumwidth=\skip152
\cftbeforeparagraphskip=\skip153
\cftparagraphindent=\skip154
\cftparagraphnumwidth=\skip155
\cftbeforesubparagraphskip=\skip156
\cftsubparagraphindent=\skip157
\cftsubparagraphnumwidth=\skip158
\prechapterprecisshift=\dimen174
\c@maxsecnumdepth=\count279
\bibindent=\dimen175
\bibitemsep=\skip159
\indexcolsep=\skip160
\indexrule=\skip161
\indexmarkstyle=\toks20
\@indexbox=\insert252
\glossarycolsep=\dimen176
\glossaryrule=\dimen177
\sideparvshift=\skip162
\sideins=\insert251
\sidebartopsep=\skip163
\sidebarhsep=\skip164
\sidebarvsep=\skip165
\sidebarwidth=\skip166
\footmarkwidth=\skip167
\footmarksep=\skip168
\footparindent=\skip169
\footinsdim=\skip170
\footinsv@r=\insert250
\@mpfootinsv@r=\insert249
\m@m@k=\count280
\m@m@h=\dimen178
\m@mipn@skip=\skip171
\sidefootins=\insert248
\sidefootadjust=\skip172
\sidefootheight=\skip173
\sidefoothsep=\skip174
\sidefootvsep=\skip175
\sidefootwidth=\skip176
\m@mdownsf=\skip177
\c@sidefootnote=\count281
\sidefootmarkwidth=\skip178
\sidefootmarksep=\skip179
\sidefootparindent=\skip180
\c@pagenote=\count282
\c@pagenoteshadow=\count283
\mem@pn@lastkern=\skip181
\every@verbatim=\toks21
\afterevery@verbatim=\toks22
\verbatim@line=\toks23
\tab@position=\count284
\verbatim@in@stream=\read2
\verbatimindent=\skip182
\verbatim@out=\write3
\bvboxsep=\skip183
\c@memfbvline=\count285
\c@bvlinectr=\count286
\bvnumlength=\skip184
\fb@frw=\dimen179
\fb@frh=\dimen180
\FrameRule=\dimen181
\FrameSep=\dimen182
\c@cp@cntr=\count287
\c@ism@mctr=\count288
\c@xsm@mctr=\count289
\c@csm@mctr=\count290
\c@ksm@mctr=\count291
\c@xksm@mctr=\count292
\c@cksm@mctr=\count293
\c@msm@mctr=\count294
\c@xmsm@mctr=\count295
\c@cmsm@mctr=\count296
\c@bsm@mctr=\count297
\c@workm@mctr=\count298
\c@sheetsequence=\count299
\c@lastsheet=\count300
\c@lastpage=\count301

(C:\Users\hugos\AppData\Local\Programs\MiKTeX\tex/latex/textcase\textcase.sty
Package: textcase 2019/09/14 v1.00 Text only upper/lower case changing (DPC)
)
\c@figure=\count302
\c@lofdepth=\count303
\cftbeforefigureskip=\skip185
\cftfigureindent=\skip186
\cftfigurenumwidth=\skip187
\c@table=\count304
\c@lotdepth=\count305
\cftbeforetableskip=\skip188
\cfttableindent=\skip189
\cfttablenumwidth=\skip190
Package abstract [2008/07/23] emulated by memoir.
Package appendix [2008/07/23] emulated by memoir.
Package booktabs [2016/05/16] emulated by memoir.
Package ccaption [2008/07/23] emulated by memoir.
Package changepage [2008/07/23] emulated by memoir.
Package chngcntr [2008/07/23] emulated by memoir.
Package chngpage [2008/07/23] emulated by memoir.
Package crop emulated by memoir.
Package enumerate [2008/07/23] emulated by memoir.
Package epigraph [2008/07/23] emulated by memoir.
Package ifmtarg [2008/07/23] emulated by memoir.
Package index [2008/07/23] emulated by memoir.
Package makeidx [2008/07/23] emulated by memoir.
Package moreverb [2008/07/23] emulated by memoir.
Package needspace [2008/07/23] emulated by memoir.
Package newfile [2008/07/23] emulated by memoir.
Package nextpage [2008/07/23] emulated by memoir.
Package pagenote [2008/07/23] emulated by memoir.
Package parskip [2008/07/23] emulated by memoir.
Package patchcmd [2008/07/23] emulated by memoir.
Package setspace [2008/07/23] emulated by memoir.
Package shortvrb [2008/07/23] emulated by memoir.
Package showidx [2008/07/23] emulated by memoir.
Package titleref [2008/07/23] emulated by memoir.
Package titling [2008/07/23] emulated by memoir.
Package tocbibind [2008/07/23] emulated by memoir.
Package tocloft [2008/07/23] emulated by memoir.
Package tocvsec2 [2008/07/23] emulated by memoir.
Package verbatim [2008/07/23] emulated by memoir.
Package verse [2008/07/23] emulated by memoir.
) (C:\Users\hugos\AppData\Local\Programs\MiKTeX\tex/latex/hyperref\hyperref.sty
Package: hyperref 2021-06-07 v7.00m Hypertext links for LaTeX

(C:\Users\hugos\AppData\Local\Programs\MiKTeX\tex/generic/ltxcmds\ltxcmds.sty
Package: ltxcmds 2020-05-10 v1.25 LaTeX kernel commands for general use (HO)
)
(C:\Users\hugos\AppData\Local\Programs\MiKTeX\tex/generic/pdftexcmds\pdftexcmds
.sty
Package: pdftexcmds 2020-06-27 v0.33 Utility functions of pdfTeX for LuaTeX (HO
)

(C:\Users\hugos\AppData\Local\Programs\MiKTeX\tex/generic/infwarerr\infwarerr.s
ty
Package: infwarerr 2019/12/03 v1.5 Providing info/warning/error messages (HO)
)
Package pdftexcmds Info: \pdf@primitive is available.
Package pdftexcmds Info: \pdf@ifprimitive is available.
Package pdftexcmds Info: \pdfdraftmode found.
)
(C:\Users\hugos\AppData\Local\Programs\MiKTeX\tex/latex/graphics\keyval.sty
Package: keyval 2014/10/28 v1.15 key=value parser (DPC)
\KV@toks@=\toks24
)
(C:\Users\hugos\AppData\Local\Programs\MiKTeX\tex/generic/kvsetkeys\kvsetkeys.s
ty
Package: kvsetkeys 2019/12/15 v1.18 Key value parser (HO)
)
(C:\Users\hugos\AppData\Local\Programs\MiKTeX\tex/generic/kvdefinekeys\kvdefine
keys.sty
Package: kvdefinekeys 2019-12-19 v1.6 Define keys (HO)
)
(C:\Users\hugos\AppData\Local\Programs\MiKTeX\tex/generic/pdfescape\pdfescape.s
ty
Package: pdfescape 2019/12/09 v1.15 Implements pdfTeX's escape features (HO)
) (C:\Users\hugos\AppData\Local\Programs\MiKTeX\tex/latex/hycolor\hycolor.sty
Package: hycolor 2020-01-27 v1.10 Color options for hyperref/bookmark (HO)
)
(C:\Users\hugos\AppData\Local\Programs\MiKTeX\tex/latex/letltxmacro\letltxmacro
.sty
Package: letltxmacro 2019/12/03 v1.6 Let assignment for LaTeX macros (HO)
)
(C:\Users\hugos\AppData\Local\Programs\MiKTeX\tex/latex/auxhook\auxhook.sty
Package: auxhook 2019-12-17 v1.6 Hooks for auxiliary files (HO)
)
(C:\Users\hugos\AppData\Local\Programs\MiKTeX\tex/latex/kvoptions\kvoptions.sty
Package: kvoptions 2020-10-07 v3.14 Key value format for package options (HO)
)
\@linkdim=\dimen183
\Hy@linkcounter=\count306
\Hy@pagecounter=\count307
 (C:\Users\hugos\AppData\Local\Programs\MiKTeX\tex/latex/hyperref\pd1enc.def
File: pd1enc.def 2021-06-07 v7.00m Hyperref: PDFDocEncoding definition (HO)
Now handling font encoding PD1 ...
... no UTF-8 mapping file for font encoding PD1
)
(C:\Users\hugos\AppData\Local\Programs\MiKTeX\tex/latex/hyperref\hyperref-langp
atches.def
File: hyperref-langpatches.def 2021-06-07 v7.00m Hyperref: patches for babel la
nguages
)
(C:\Users\hugos\AppData\Local\Programs\MiKTeX\tex/generic/intcalc\intcalc.sty
Package: intcalc 2019/12/15 v1.3 Expandable calculations with integers (HO)
)
(C:\Users\hugos\AppData\Local\Programs\MiKTeX\tex/generic/etexcmds\etexcmds.sty
Package: etexcmds 2019/12/15 v1.7 Avoid name clashes with e-TeX commands (HO)
)
\Hy@SavedSpaceFactor=\count308
 (C:\Users\hugos\AppData\Local\Programs\MiKTeX\tex/latex/hyperref\puenc.def
File: puenc.def 2021-06-07 v7.00m Hyperref: PDF Unicode definition (HO)
Now handling font encoding PU ...
... no UTF-8 mapping file for font encoding PU
)
Package hyperref Info: Hyper figures OFF on input line 4192.
Package hyperref Info: Link nesting OFF on input line 4197.
Package hyperref Info: Hyper index ON on input line 4200.
Package hyperref Info: Plain pages OFF on input line 4207.
Package hyperref Info: Backreferencing OFF on input line 4212.
Package hyperref Info: Implicit mode ON; LaTeX internals redefined.
Package hyperref Info: Bookmarks ON on input line 4445.
\c@Hy@tempcnt=\count309

(C:\Users\hugos\AppData\Local\Programs\MiKTeX\tex/latex/url\url.sty
\Urlmuskip=\muskip16
Package: url 2013/09/16  ver 3.4  Verb mode for urls, etc.
)
LaTeX Info: Redefining \url on input line 4804.
\XeTeXLinkMargin=\dimen184

(C:\Users\hugos\AppData\Local\Programs\MiKTeX\tex/generic/bitset\bitset.sty
Package: bitset 2019/12/09 v1.3 Handle bit-vector datatype (HO)

(C:\Users\hugos\AppData\Local\Programs\MiKTeX\tex/generic/bigintcalc\bigintcalc
.sty
Package: bigintcalc 2019/12/15 v1.5 Expandable calculations on big integers (HO
)
))
\Fld@menulength=\count310
\Field@Width=\dimen185
\Fld@charsize=\dimen186
Package hyperref Info: Hyper figures OFF on input line 6076.
Package hyperref Info: Link nesting OFF on input line 6081.
Package hyperref Info: Hyper index ON on input line 6084.
Package hyperref Info: backreferencing OFF on input line 6091.
Package hyperref Info: Link coloring OFF on input line 6096.
Package hyperref Info: Link coloring with OCG OFF on input line 6101.
Package hyperref Info: PDF/A mode OFF on input line 6106.
LaTeX Info: Redefining \ref on input line 6146.
LaTeX Info: Redefining \pageref on input line 6150.

(C:\Users\hugos\AppData\Local\Programs\MiKTeX\tex/latex/base\atbegshi-ltx.sty
Package: atbegshi-ltx 2021/01/10 v1.0c Emulation of the original atbegshi
package with kernel methods
)
\Hy@abspage=\count311
\c@Item=\count312
\c@Hfootnote=\count313
) (C:\Users\hugos\AppData\Local\Programs\MiKTeX\tex/latex/memoir\memhfixc.sty
Package: memhfixc 2021/06/16 v1.19 nameref/hyperref package fixes for memoir cl
ass
\c@memhycontfloat=\count314
\c@Hpagenote=\count315
)
Package hyperref Info: Driver (autodetected): hpdftex.

(C:\Users\hugos\AppData\Local\Programs\MiKTeX\tex/latex/hyperref\hpdftex.def
File: hpdftex.def 2021-06-07 v7.00m Hyperref driver for pdfTeX

(C:\Users\hugos\AppData\Local\Programs\MiKTeX\tex/latex/base\atveryend-ltx.sty
Package: atveryend-ltx 2020/08/19 v1.0a Emulation of the original atvery packag
e
with kernel methods
)
\Fld@listcount=\count316
\c@bookmark@seq@number=\count317

(C:\Users\hugos\AppData\Local\Programs\MiKTeX\tex/latex/rerunfilecheck\rerunfil
echeck.sty
Package: rerunfilecheck 2019/12/05 v1.9 Rerun checks for auxiliary files (HO)

(C:\Users\hugos\AppData\Local\Programs\MiKTeX\tex/generic/uniquecounter\uniquec
ounter.sty
Package: uniquecounter 2019/12/15 v1.4 Provide unlimited unique counter (HO)
)
Package uniquecounter Info: New unique counter `rerunfilecheck' on input line 2
86.
)
\Hy@SectionHShift=\skip191
)
(C:\Users\hugos\AppData\Local\Programs\MiKTeX\tex/latex/bookmark\bookmark.sty
Package: bookmark 2020-11-06 v1.29 PDF bookmarks (HO)

(C:\Users\hugos\AppData\Local\Programs\MiKTeX\tex/latex/bookmark\bkm-pdftex.def
File: bkm-pdftex.def 2020-11-06 v1.29 bookmark driver for pdfTeX (HO)
\BKM@id=\count318
)) (C:\Users\hugos\AppData\Local\Programs\MiKTeX\tex/generic/babel\babel.sty
Package: babel 2021/07/22 3.63 The Babel package

(C:\Users\hugos\AppData\Local\Programs\MiKTeX\tex/generic/babel\babel.def
File: babel.def 2021/07/22 3.63 Babel common definitions
\babel@savecnt=\count319
\U@D=\dimen187
\l@unhyphenated=\language79

(C:\Users\hugos\AppData\Local\Programs\MiKTeX\tex/generic/babel\txtbabel.def)
\bbl@readstream=\read3
)
\bbl@dirlevel=\count320

*************************************
* Local config file bblopts.cfg used
*
(C:\Users\hugos\AppData\Local\Programs\MiKTeX\tex/latex/arabi\bblopts.cfg
File: bblopts.cfg 2005/09/08 v0.1 add Arabic and Farsi to "declared" options of
 babel
)
(C:\Users\hugos\AppData\Local\Programs\MiKTeX\tex/latex/babel-english\english.l
df
Language: english 2017/06/06 v3.3r English support from the babel system
Package babel Info: Hyphen rules for 'canadian' set to \l@english
(babel)             (\language0). Reported on input line 102.
Package babel Info: Hyphen rules for 'australian' set to \l@ukenglish
(babel)             (\language73). Reported on input line 105.
Package babel Info: Hyphen rules for 'newzealand' set to \l@ukenglish
(babel)             (\language73). Reported on input line 108.
)
(C:\Users\hugos\AppData\Local\Programs\MiKTeX\tex/generic/babel-french\french.l
df
Language: french 2021/07/20 v3.5m French support from the babel system
Package babel Info: Hyphen rules for 'acadian' set to \l@french
(babel)             (\language22). Reported on input line 91.
Package babel Info: Hyphen rules for 'canadien' set to \l@french
(babel)             (\language22). Reported on input line 92.
\FB@nonchar=\count321
Package babel Info: Making : an active character on input line 430.
Package babel Info: Making ; an active character on input line 431.
Package babel Info: Making ! an active character on input line 432.
Package babel Info: Making ? an active character on input line 433.
\FBguill@level=\count322
\FBold@everypar=\toks25
\FB@Mht=\dimen188
\mc@charclass=\count323
\mc@charfam=\count324
\mc@charslot=\count325
\std@mcc=\count326
\dec@mcc=\count327
\listindentFB=\dimen189
\descindentFB=\dimen190
\labelindentFB=\dimen191
\labelwidthFB=\dimen192
\leftmarginFB=\dimen193
\parindentFFN=\dimen194
\FBfnindent=\dimen195
)
(C:\Users\hugos\AppData\Local\Programs\MiKTeX\tex/latex/babel-spanish\spanish.l
df
Language: spanish.ldf 2021/05/27 v5.0q Spanish support from the babel system
\es@quottoks=\toks26
\es@quotdepth=\count328
Package babel Info: Making " an active character on input line 570.
Package babel Info: Making . an active character on input line 675.
Package babel Info: Making < an active character on input line 722.
Package babel Info: Making > an active character on input line 722.
)
(C:\Users\hugos\AppData\Local\Programs\MiKTeX\tex/latex/babel-portuges\brazil.l
df
Language: portuges 2021/07/09 v1.2t Portuguese support from the babel system
Package babel Info: Hyphen rules for 'brazil' set to \l@portuguese
(babel)             (\language56). Reported on input line 111.
))
(C:\Users\hugos\AppData\Local\Programs\MiKTeX\tex/latex/carlisle\scalefnt.sty)
(C:\Users\hugos\AppData\Local\Programs\MiKTeX\tex/latex/enumitem\enumitem.sty
Package: enumitem 2019/06/20 v3.9 Customized lists
\labelindent=\skip192
\enit@outerparindent=\dimen196
\enit@toks=\toks27
\enit@inbox=\box55
\enit@count@id=\count329
\enitdp@description=\count330
)
(C:\Users\hugos\AppData\Local\Programs\MiKTeX\tex/latex/tools\calc.sty
Package: calc 2017/05/25 v4.3 Infix arithmetic (KKT,FJ)
\calc@Acount=\count331
\calc@Bcount=\count332
\calc@Adimen=\dimen197
\calc@Bdimen=\dimen198
\calc@Askip=\skip193
\calc@Bskip=\skip194
LaTeX Info: Redefining \setlength on input line 80.
LaTeX Info: Redefining \addtolength on input line 81.
\calc@Ccount=\count333
\calc@Cskip=\skip195
)

******************************************************
Stock height and width: 845.04684pt by 597.50787pt
Top and edge trims: 0pt and 0pt
Page height and width: 845.04684pt by 597.50787pt
Text height and width: 708pt by 455pt
Spine and edge margins: 85.35826pt and 56.9055pt
Upper and lower margins: 85.35826pt and 51.68858pt
Headheight and headsep: 14.5pt and 19.8738pt
Footskip: 30pt
Columnsep and columnseprule: 10pt and 0pt
Marginparsep and marginparwidth: 7pt and 42.9055pt
Sidecapsep and sidecapwidth: 7pt and 92pt
Sidebarhsep and sidebarwidth: 7pt and 92pt
Sidebarvsep and sidebartopsep: 14.5pt and 0pt
Sidebarheight: 590.14995pt
Sidefoothsep and sidefootwidth: 7pt and 92pt
Sidefootvsep and sidefootheight: 14.5pt and 590.14995pt
******************************************************

\c@abntex@bookmarkcounter=\count334
\cftlastnumwidth=\skip196
\chapternamenumlength=\skip197
\ABNTEXcitacaorecuo=\skip198
\c@alineasi=\count335
\c@alineasii=\count336
\enitdp@alineas=\count337
\c@subalineasi=\count338
\enitdp@subalineas=\count339
\c@incisosi=\count340
\enitdp@incisos=\count341
\ABNTEXsignwidth=\skip199
\ABNTEXsignthickness=\skip256
\ABNTEXsignskip=\skip257
) (C:\Users\hugos\AppData\Local\Programs\MiKTeX\tex/latex/lm\lmodern.sty
Package: lmodern 2009/10/30 v1.6 Latin Modern Fonts
LaTeX Font Info:    Overwriting symbol font `operators' in version `normal'
(Font)                  OT1/cmr/m/n --> OT1/lmr/m/n on input line 22.
LaTeX Font Info:    Overwriting symbol font `letters' in version `normal'
(Font)                  OML/cmm/m/it --> OML/lmm/m/it on input line 23.
LaTeX Font Info:    Overwriting symbol font `symbols' in version `normal'
(Font)                  OMS/cmsy/m/n --> OMS/lmsy/m/n on input line 24.
LaTeX Font Info:    Overwriting symbol font `largesymbols' in version `normal'
(Font)                  OMX/cmex/m/n --> OMX/lmex/m/n on input line 25.
LaTeX Font Info:    Overwriting symbol font `operators' in version `bold'
(Font)                  OT1/cmr/bx/n --> OT1/lmr/bx/n on input line 26.
LaTeX Font Info:    Overwriting symbol font `letters' in version `bold'
(Font)                  OML/cmm/b/it --> OML/lmm/b/it on input line 27.
LaTeX Font Info:    Overwriting symbol font `symbols' in version `bold'
(Font)                  OMS/cmsy/b/n --> OMS/lmsy/b/n on input line 28.
LaTeX Font Info:    Overwriting symbol font `largesymbols' in version `bold'
(Font)                  OMX/cmex/m/n --> OMX/lmex/m/n on input line 29.
LaTeX Font Info:    Overwriting math alphabet `\mathbf' in version `normal'
(Font)                  OT1/cmr/bx/n --> OT1/lmr/bx/n on input line 31.
LaTeX Font Info:    Overwriting math alphabet `\mathsf' in version `normal'
(Font)                  OT1/cmss/m/n --> OT1/lmss/m/n on input line 32.
LaTeX Font Info:    Overwriting math alphabet `\mathit' in version `normal'
(Font)                  OT1/cmr/m/it --> OT1/lmr/m/it on input line 33.
LaTeX Font Info:    Overwriting math alphabet `\mathtt' in version `normal'
(Font)                  OT1/cmtt/m/n --> OT1/lmtt/m/n on input line 34.
LaTeX Font Info:    Overwriting math alphabet `\mathbf' in version `bold'
(Font)                  OT1/cmr/bx/n --> OT1/lmr/bx/n on input line 35.
LaTeX Font Info:    Overwriting math alphabet `\mathsf' in version `bold'
(Font)                  OT1/cmss/bx/n --> OT1/lmss/bx/n on input line 36.
LaTeX Font Info:    Overwriting math alphabet `\mathit' in version `bold'
(Font)                  OT1/cmr/bx/it --> OT1/lmr/bx/it on input line 37.
LaTeX Font Info:    Overwriting math alphabet `\mathtt' in version `bold'
(Font)                  OT1/cmtt/m/n --> OT1/lmtt/m/n on input line 38.
)
(C:\Users\hugos\AppData\Local\Programs\MiKTeX\tex/latex/base\fontenc.sty
Package: fontenc 2021/04/29 v2.0v Standard LaTeX package
LaTeX Font Info:    Trying to load font information for T1+lmr on input line 11
2.

(C:\Users\hugos\AppData\Local\Programs\MiKTeX\tex/latex/lm\t1lmr.fd
File: t1lmr.fd 2009/10/30 v1.6 Font defs for Latin Modern
))
(C:\Users\hugos\AppData\Local\Programs\MiKTeX\tex/latex/base\inputenc.sty
Package: inputenc 2021/02/14 v1.3d Input encoding file
\inpenc@prehook=\toks28
\inpenc@posthook=\toks29
)
(C:\Users\hugos\AppData\Local\Programs\MiKTeX\tex/latex/tools\indentfirst.sty
Package: indentfirst 1995/11/23 v1.03 Indent first paragraph (DPC)
)
(C:\Users\hugos\AppData\Local\Programs\MiKTeX\tex/latex/graphics\color.sty
Package: color 2020/02/24 v1.2b Standard LaTeX Color (DPC)

(C:\Users\hugos\AppData\Local\Programs\MiKTeX\tex/latex/graphics-cfg\color.cfg
File: color.cfg 2016/01/02 v1.6 sample color configuration
)
Package color Info: Driver file: pdftex.def on input line 149.

(C:\Users\hugos\AppData\Local\Programs\MiKTeX\tex/latex/graphics-def\pdftex.def
File: pdftex.def 2020/10/05 v1.2a Graphics/color driver for pdftex
))
(C:\Users\hugos\AppData\Local\Programs\MiKTeX\tex/latex/graphics\graphicx.sty
Package: graphicx 2020/12/05 v1.2c Enhanced LaTeX Graphics (DPC,SPQR)

(C:\Users\hugos\AppData\Local\Programs\MiKTeX\tex/latex/graphics\graphics.sty
Package: graphics 2021/03/04 v1.4d Standard LaTeX Graphics (DPC,SPQR)

(C:\Users\hugos\AppData\Local\Programs\MiKTeX\tex/latex/graphics\trig.sty
Package: trig 2016/01/03 v1.10 sin cos tan (DPC)
)
(C:\Users\hugos\AppData\Local\Programs\MiKTeX\tex/latex/graphics-cfg\graphics.c
fg
File: graphics.cfg 2016/06/04 v1.11 sample graphics configuration
)
Package graphics Info: Driver file: pdftex.def on input line 107.
)
\Gin@req@height=\dimen199
\Gin@req@width=\dimen256
)
(C:\Users\hugos\AppData\Local\Programs\MiKTeX\tex/latex/microtype\microtype.sty
Package: microtype 2021/03/14 v2.8c Micro-typographical refinements (RS)
\MT@toks=\toks30
\MT@count=\count342
LaTeX Info: Redefining \textls on input line 790.
\MT@outer@kern=\dimen257
LaTeX Info: Redefining \textmicrotypecontext on input line 1374.
\MT@listname@count=\count343

(C:\Users\hugos\AppData\Local\Programs\MiKTeX\tex/latex/microtype\microtype-pdf
tex.def
File: microtype-pdftex.def 2021/03/14 v2.8c Definitions specific to pdftex (RS)

LaTeX Info: Redefining \lsstyle on input line 915.
LaTeX Info: Redefining \lslig on input line 915.
\MT@outer@space=\skip258
)
Package microtype Info: Loading configuration file microtype.cfg.

(C:\Users\hugos\AppData\Local\Programs\MiKTeX\tex/latex/microtype\microtype.cfg
File: microtype.cfg 2021/03/14 v2.8c microtype main configuration file (RS)
)) (C:\Users\hugos\AppData\Local\Programs\MiKTeX\tex/latex/cite\cite.sty
LaTeX Info: Redefining \cite on input line 302.
LaTeX Info: Redefining \nocite on input line 332.
Package: cite 2015/02/27  v 5.5
)
(C:\Users\hugos\AppData\Local\Programs\MiKTeX\tex/latex/caption\subcaption.sty
Package: subcaption 2020/10/07 v1.3j Sub-captions (AR)

(C:\Users\hugos\AppData\Local\Programs\MiKTeX\tex/latex/caption\caption.sty
Package: caption 2020/10/26 v3.5g Customizing captions (AR)

(C:\Users\hugos\AppData\Local\Programs\MiKTeX\tex/latex/caption\caption3.sty
Package: caption3 2020/10/21 v2.2e caption3 kernel (AR)
\captionmargin=\dimen258
\captionmargin@=\dimen259
\captionwidth=\dimen260
\caption@tempdima=\dimen261
\caption@indent=\dimen262
\caption@parindent=\dimen263
\caption@hangindent=\dimen264
Package caption Info: memoir document class detected.
Package caption Info: french babel package is loaded.

(C:\Users\hugos\AppData\Local\Programs\MiKTeX\tex/latex/caption\caption-memoir.
sto
File: caption-memoir.sto 2020/10/10 v2.1 Adaption of the caption package to the
 memoir document class (AR)
))
\c@caption@flags=\count344
\c@continuedfloat=\count345
Package caption Info: changepage package is loaded.
\caption@adjustwidth@hsize=\dimen265
\caption@adjustwidth@linewidth=\dimen266
Package caption Info: hyperref package is loaded.
)
\c@subfigure=\count346
\c@subtable=\count347
)
(C:\Users\hugos\AppData\Local\Programs\MiKTeX\tex/latex/multirow\multirow.sty
Package: multirow 2021/03/15 v2.8 Span multiple rows of a table
\multirow@colwidth=\skip259
\multirow@cntb=\count348
\multirow@dima=\skip260
\bigstrutjot=\dimen267
)
(C:\Users\hugos\AppData\Local\Programs\MiKTeX\tex/generic/soul\soul.sty
Package: soul 2003/11/17 v2.4 letterspacing/underlining (mf)
\SOUL@word=\toks31
\SOUL@lasttoken=\toks32
\SOUL@cmds=\toks33
\SOUL@buffer=\toks34
\SOUL@token=\toks35
\SOUL@spaceskip=\skip261
\SOUL@ttwidth=\dimen268
\SOUL@uldp=\dimen269
\SOUL@ulht=\dimen270
)
(C:\Users\hugos\AppData\Local\Programs\MiKTeX\tex/latex/xcolor\xcolor.sty
Package: xcolor 2016/05/11 v2.12 LaTeX color extensions (UK)

(C:\Users\hugos\AppData\Local\Programs\MiKTeX\tex/latex/graphics-cfg\color.cfg
File: color.cfg 2016/01/02 v1.6 sample color configuration
)
Package xcolor Info: Driver file: pdftex.def on input line 225.
(C:\Users\hugos\AppData\Local\Programs\MiKTeX\tex/latex/colortbl\colortbl.sty
Package: colortbl 2020/01/04 v1.0e Color table columns (DPC)
\everycr=\toks36
\minrowclearance=\skip262
)
LaTeX Info: Redefining \color on input line 709.
\rownum=\count349
Package xcolor Info: Model `cmy' substituted by `cmy0' on input line 1348.
Package xcolor Info: Model `hsb' substituted by `rgb' on input line 1352.
Package xcolor Info: Model `RGB' extended on input line 1364.
Package xcolor Info: Model `HTML' substituted by `rgb' on input line 1366.
Package xcolor Info: Model `Hsb' substituted by `hsb' on input line 1367.
Package xcolor Info: Model `tHsb' substituted by `hsb' on input line 1368.
Package xcolor Info: Model `HSB' substituted by `hsb' on input line 1369.
Package xcolor Info: Model `Gray' substituted by `gray' on input line 1370.
Package xcolor Info: Model `wave' substituted by `hsb' on input line 1371.
)
(C:\Users\hugos\AppData\Local\Programs\MiKTeX\tex/latex/threeparttable\threepar
ttable.sty
Package: threeparttable 2003/06/13  v 3.0
\@tempboxb=\box56
)
(C:\Users\hugos\AppData\Local\Programs\MiKTeX\tex/latex/listings\listings.sty
\lst@mode=\count350
\lst@gtempboxa=\box57
\lst@token=\toks37
\lst@length=\count351
\lst@currlwidth=\dimen271
\lst@column=\count352
\lst@pos=\count353
\lst@lostspace=\dimen272
\lst@width=\dimen273
\lst@newlines=\count354
\lst@lineno=\count355
\lst@maxwidth=\dimen274

(C:\Users\hugos\AppData\Local\Programs\MiKTeX\tex/latex/listings\lstmisc.sty
File: lstmisc.sty 2020/03/24 1.8d (Carsten Heinz)
\c@lstnumber=\count356
\lst@skipnumbers=\count357
\lst@framebox=\box58
)
(C:\Users\hugos\AppData\Local\Programs\MiKTeX\tex/latex/listings\listings.cfg
File: listings.cfg 2020/03/24 1.8d listings configuration
))
Package: listings 2020/03/24 1.8d (Carsten Heinz)
(C:\Users\hugos\AppData\Local\Programs\MiKTeX\tex/latex/lipsum\lipsum.sty
(C:\Users\hugos\AppData\Local\Programs\MiKTeX\tex/latex/l3packages/l3keys2e\l3k
eys2e.sty
(C:\Users\hugos\AppData\Local\Programs\MiKTeX\tex/latex/l3kernel\expl3.sty
Package: expl3 2021-08-27 L3 programming layer (loader) 

(C:\Users\hugos\AppData\Local\Programs\MiKTeX\tex/latex/l3backend\l3backend-pdf
tex.def
File: l3backend-pdftex.def 2021-08-04 L3 backend support: PDF output (pdfTeX)
\l__color_backend_stack_int=\count358
\l__pdf_internal_box=\box59
))
Package: l3keys2e 2021-08-27 LaTeX2e option processing using LaTeX3 keys
)
Package: lipsum 2021-08-01 v2.5 150 paragraphs of Lorem Ipsum dummy text
\g__lipsum_par_int=\count359
\l__lipsum_a_int=\count360
\l__lipsum_b_int=\count361

(C:\Users\hugos\AppData\Local\Programs\MiKTeX\tex/latex/lipsum\lipsum.ltd.tex))
(C:\Users\hugos\AppData\Local\Programs\MiKTeX\tex/latex/hyperref\backref.sty
Package: backref 2021/02/04 v1.41 Bibliographical back referencing
)
(C:\Users\hugos\AppData\Local\Programs\MiKTeX\tex/latex/abntex2\abntex2cite.sty
Package: abntex2cite 2018/11/24 v-1.9.7 abnTeX2

(C:\Users\hugos\AppData\Local\Programs\MiKTeX\tex/latex/abntex2\abntex2abrev.st
y)
\minimumbiblabelwidth=\skip263
\ABCIauxlen=\skip264
\c@ABCIaux=\count362
\c@ABCImax=\count363
 (C:\Users\hugos\AppData\Local\Programs\MiKTeX\tex/generic/iftex\ifpdf.sty
Package: ifpdf 2019/10/25 v3.4 ifpdf legacy package. Use iftex instead.
)
(C:\Users\hugos\AppData\Local\Programs\MiKTeX\tex/generic/iftex\ifxetex.sty
Package: ifxetex 2019/10/25 v0.7 ifxetex legacy package. Use iftex instead.
)
(C:\Users\hugos\AppData\Local\Programs\MiKTeX\tex/latex/relsize\relsize.sty
Package: relsize 2013/03/29 ver 4.1
)
\biblabelsep=\skip265
LaTeX Info: Redefining \newblock on input line 591.
LaTeX Info: Redefining \cite on input line 618.
LaTeX Info: Redefining \citeonline on input line 677.
\ABCItoken=\toks38
)
Package hyperref Info: Option `colorlinks' set `true' on input line 202.
\c@quadro=\count364
\c@loqdepth=\count365
\cftbeforequadroskip=\skip266
\cftquadroindent=\skip267
\cftquadronumwidth=\skip268
\Monografia@idxfile=\write4
\openout4 = `Monografia.idx'.


Writing index file Monografia.idx 
(Monografia.aux

LaTeX Warning: Label `fig:eo' multiply defined.


LaTeX Warning: Label `fig:shortcut' multiply defined.

)
\openout1 = `Monografia.aux'.

LaTeX Font Info:    Checking defaults for OML/cmm/m/it on input line 253.
LaTeX Font Info:    ... okay on input line 253.
LaTeX Font Info:    Checking defaults for OMS/cmsy/m/n on input line 253.
LaTeX Font Info:    ... okay on input line 253.
LaTeX Font Info:    Checking defaults for OT1/cmr/m/n on input line 253.
LaTeX Font Info:    ... okay on input line 253.
LaTeX Font Info:    Checking defaults for T1/cmr/m/n on input line 253.
LaTeX Font Info:    ... okay on input line 253.
LaTeX Font Info:    Checking defaults for TS1/cmr/m/n on input line 253.
LaTeX Font Info:    ... okay on input line 253.
LaTeX Font Info:    Checking defaults for OMX/cmex/m/n on input line 253.
LaTeX Font Info:    ... okay on input line 253.
LaTeX Font Info:    Checking defaults for U/cmr/m/n on input line 253.
LaTeX Font Info:    ... okay on input line 253.
LaTeX Font Info:    Checking defaults for PD1/pdf/m/n on input line 253.
LaTeX Font Info:    ... okay on input line 253.
LaTeX Font Info:    Checking defaults for PU/pdf/m/n on input line 253.
LaTeX Font Info:    ... okay on input line 253.
Package hyperref Info: Link coloring ON on input line 253.
 (C:\Users\hugos\AppData\Local\Programs\MiKTeX\tex/latex/hyperref\nameref.sty
Package: nameref 2021-04-02 v2.47 Cross-referencing by name of section

(C:\Users\hugos\AppData\Local\Programs\MiKTeX\tex/latex/refcount\refcount.sty
Package: refcount 2019/12/15 v3.6 Data extraction from label references (HO)
)
(C:\Users\hugos\AppData\Local\Programs\MiKTeX\tex/generic/gettitlestring\gettit
lestring.sty
Package: gettitlestring 2019/12/15 v1.6 Cleanup title references (HO)
)
\c@section@level=\count366
)
Redoing nameref's sectioning
Redoing nameref's label
LaTeX Info: Redefining \nameref on input line 253.
LaTeX Info: Redefining \ref on input line 253.
LaTeX Info: Redefining \pageref on input line 253.
LaTeX Info: Redefining \nameref on input line 253.
LaTeX Info: Redefining \degres on input line 253.
LaTeX Info: Redefining \up on input line 253.
\myptabbox=\box60
\myptabboxwidth=\skip269

(C:\Users\hugos\AppData\Local\Programs\MiKTeX\tex/context/base/mkii\supp-pdf.mk
ii
[Loading MPS to PDF converter (version 2006.09.02).]
\scratchcounter=\count367
\scratchdimen=\dimen275
\scratchbox=\box61
\nofMPsegments=\count368
\nofMParguments=\count369
\everyMPshowfont=\toks39
\MPscratchCnt=\count370
\MPscratchDim=\dimen276
\MPnumerator=\count371
\makeMPintoPDFobject=\count372
\everyMPtoPDFconversion=\toks40
)
(C:\Users\hugos\AppData\Local\Programs\MiKTeX\tex/latex/epstopdf-pkg\epstopdf-b
ase.sty
Package: epstopdf-base 2020-01-24 v2.11 Base part for package epstopdf
Package epstopdf-base Info: Redefining graphics rule for `.eps' on input line 4
85.

(C:\Users\hugos\AppData\Local\Programs\MiKTeX\tex/latex/00miktex\epstopdf-sys.c
fg
File: epstopdf-sys.cfg 2021/03/18 v2.0 Configuration of epstopdf for MiKTeX
))
LaTeX Info: Redefining \microtypecontext on input line 253.
Package microtype Info: Generating PDF output.
Package microtype Info: Character protrusion enabled (level 2).
Package microtype Info: Using default protrusion set `alltext'.
Package microtype Info: Automatic font expansion enabled (level 2),
(microtype)             stretch: 20, shrink: 20, step: 1, non-selected.
Package microtype Info: Using default expansion set `alltext-nott'.
LaTeX Info: Redefining \showhyphens on input line 253.
Package microtype Info: No adjustment of tracking.
Package microtype Info: No adjustment of interword spacing.
Package microtype Info: No adjustment of character kerning.

(C:\Users\hugos\AppData\Local\Programs\MiKTeX\tex/latex/microtype\mt-cmr.cfg
File: mt-cmr.cfg 2013/05/19 v2.2 microtype config. file: Computer Modern Roman 
(RS)
)
Package caption Info: Begin \AtBeginDocument code.
Package caption Info: listings package is loaded.
Package caption Info: threeparttable package is loaded.
Package caption Info: End \AtBeginDocument code.
\c@lstlisting=\count373
LaTeX Font Info:    Trying to load font information for T1+lmss on input line 2
70.

(C:\Users\hugos\AppData\Local\Programs\MiKTeX\tex/latex/lm\t1lmss.fd
File: t1lmss.fd 2009/10/30 v1.6 Font defs for Latin Modern
)
Package microtype Info: Loading generic protrusion settings for font family
(microtype)             `lmss' (encoding: T1).
(microtype)             For optimal results, create family-specific settings.
(microtype)             See the microtype manual for details.
 [1

{C:/Users/hugos/AppData/Local/MiKTeX/pdftex/config/pdftex.map}] [2

]
LaTeX Font Info:    Trying to load font information for OT1+lmr on input line 2
79.

(C:\Users\hugos\AppData\Local\Programs\MiKTeX\tex/latex/lm\ot1lmr.fd
File: ot1lmr.fd 2009/10/30 v1.6 Font defs for Latin Modern
)
LaTeX Font Info:    Trying to load font information for OML+lmm on input line 2
79.

(C:\Users\hugos\AppData\Local\Programs\MiKTeX\tex/latex/lm\omllmm.fd
File: omllmm.fd 2009/10/30 v1.6 Font defs for Latin Modern
)
LaTeX Font Info:    Trying to load font information for OMS+lmsy on input line 
279.

(C:\Users\hugos\AppData\Local\Programs\MiKTeX\tex/latex/lm\omslmsy.fd
File: omslmsy.fd 2009/10/30 v1.6 Font defs for Latin Modern
)
LaTeX Font Info:    Trying to load font information for OMX+lmex on input line 
279.

(C:\Users\hugos\AppData\Local\Programs\MiKTeX\tex/latex/lm\omxlmex.fd
File: omxlmex.fd 2009/10/30 v1.6 Font defs for Latin Modern
)
LaTeX Font Info:    External font `lmex10' loaded for size
(Font)              <12> on input line 279.
LaTeX Font Info:    External font `lmex10' loaded for size
(Font)              <8> on input line 279.
LaTeX Font Info:    External font `lmex10' loaded for size
(Font)              <6> on input line 279.
pdfTeX warning (ext4): destination with the same identifier (name{page.1}) has 
been already used, duplicate ignored
<to be read again> 
                   \relax 
l.279 
       [1


]
Underfull \hbox (badness 10000) in paragraph at lines 326--326

 []


Underfull \hbox (badness 10000) in paragraph at lines 326--326

 []


Overfull \hbox (16.6597pt too wide) in paragraph at lines 326--326
[]  [] 
 []


Underfull \hbox (badness 10000) in paragraph at lines 326--326

 []

LaTeX Font Info:    External font `lmex10' loaded for size
(Font)              <10> on input line 326.
LaTeX Font Info:    External font `lmex10' loaded for size
(Font)              <7> on input line 326.
LaTeX Font Info:    External font `lmex10' loaded for size
(Font)              <5> on input line 326.
pdfTeX warning (ext4): destination with the same identifier (name{page.2}) has 
been already used, duplicate ignored
<to be read again> 
                   \relax 
l.418 \end{dedicatoria}
                        [2] [3


] [4

] [5] [6

] (Monografia.lof) [7] [8

]
(Monografia.lot) [9] [10

] (Monografia.lol) [11] [12

] (Monografia.toc
Underfull \vbox (badness 2547) has occurred while \output is active []

 [13]
LaTeX Font Info:    Font shape `T1/lmss/m/it' in size <10.95> not available
(Font)              Font shape `T1/lmss/m/sl' tried instead on input line 65.
LaTeX Font Info:    Font shape `T1/lmss/bx/it' in size <12> not available
(Font)              Font shape `T1/lmss/bx/sl' tried instead on input line 82.

[14]) [15] [16

]
Underfull \vbox (badness 5431) has occurred while \output is active []

 [17

]
[18]

Package hyperref Warning: Suppressing empty link on input line 586.


Underfull \vbox (badness 10000) has occurred while \output is active []

 [19

]
<scene.jpg, id=373, 848.16875pt x 365.365pt>
File: scene.jpg Graphic file (type jpg)
<use scene.jpg>
Package pdftex.def Info: scene.jpg  used on input line 614.
(pdftex.def)             Requested size: 455.0pt x 196.00075pt.


LaTeX Warning: `!h' float specifier changed to `!ht'.


Underfull \vbox (badness 10000) has occurred while \output is active []

 [20]
<object.jpg, id=380, 513.92pt x 123.46124pt>
File: object.jpg Graphic file (type jpg)
<use object.jpg>
Package pdftex.def Info: object.jpg  used on input line 624.
(pdftex.def)             Requested size: 455.0pt x 109.30745pt.
<objprop.jpg, id=381, 513.92pt x 346.29375pt>
File: objprop.jpg Graphic file (type jpg)
<use objprop.jpg>
Package pdftex.def Info: objprop.jpg  used on input line 631.
(pdftex.def)             Requested size: 102.78217pt x 69.2575pt.

Underfull \vbox (badness 10000) has occurred while \output is active []

 [21 <./scene.jpg> <./object.jpg>]
<prefab.jpg, id=387, 853.1875pt x 326.21875pt>
File: prefab.jpg Graphic file (type jpg)
<use prefab.jpg>
Package pdftex.def Info: prefab.jpg  used on input line 646.
(pdftex.def)             Requested size: 455.0pt x 173.97527pt.

Underfull \vbox (badness 10000) has occurred while \output is active []

 [22 <./objprop.jpg>] [23 <./prefab.jpg>] [24

] [25]
<red.jpg, id=405, 671.50874pt x 451.6875pt>
File: red.jpg Graphic file (type jpg)
<use red.jpg>
Package pdftex.def Info: red.jpg  used on input line 687.
(pdftex.def)             Requested size: 181.99722pt x 122.41902pt.
<firered.jpg, id=406, 1284.8pt x 856.19875pt>
File: firered.jpg Graphic file (type jpg)
<use firered.jpg>
Package pdftex.def Info: firered.jpg  used on input line 691.
(pdftex.def)             Requested size: 181.99722pt x 121.27797pt.
<bw.jpg, id=407, 256.96pt x 192.72pt>
File: bw.jpg Graphic file (type jpg)
<use bw.jpg>
Package pdftex.def Info: bw.jpg  used on input line 695.
(pdftex.def)             Requested size: 181.99722pt x 136.49985pt.
<lgpikachu.jpg, id=408, 1204.5pt x 677.53125pt>
File: lgpikachu.jpg Graphic file (type jpg)
<use lgpikachu.jpg>
Package pdftex.def Info: lgpikachu.jpg  used on input line 699.
(pdftex.def)             Requested size: 181.99722pt x 102.36964pt.
<redb.jpg, id=409, 160.6pt x 144.54pt>
File: redb.jpg Graphic file (type jpg)
<use redb.jpg>
Package pdftex.def Info: redb.jpg  used on input line 715.
(pdftex.def)             Requested size: 136.50139pt x 122.85515pt.
<fireredb.jpg, id=410, 516.93124pt x 345.29pt>
File: fireredb.jpg Graphic file (type jpg)
<use fireredb.jpg>
Package pdftex.def Info: fireredb.jpg  used on input line 719.
(pdftex.def)             Requested size: 181.99722pt x 121.56458pt.
<xyb.jpg, id=411, 401.5pt x 240.9pt>
File: xyb.jpg Graphic file (type jpg)
<use xyb.jpg>
Package pdftex.def Info: xyb.jpg  used on input line 723.
(pdftex.def)             Requested size: 273.00278pt x 163.81349pt.
<swsh.jpg, id=412, 1606.0pt x 903.375pt>
File: swsh.jpg Graphic file (type jpg)
<use swsh.jpg>
Package pdftex.def Info: swsh.jpg  used on input line 727.
(pdftex.def)             Requested size: 273.00278pt x 153.55794pt.


LaTeX Warning: `!h' float specifier changed to `!ht'.

[26 <./red.jpg> <./firered.jpg> <./bw.jpg> <./lgpikachu.jpg>]
Underfull \vbox (badness 10000) has occurred while \output is active []

 [27 <./redb.jpg> <./fireredb.jpg> <./xyb.jpg> <./swsh.jpg>]
<mt.jpg, id=421, 256.96pt x 240.9pt>
File: mt.jpg Graphic file (type jpg)
<use mt.jpg>
Package pdftex.def Info: mt.jpg  used on input line 745.
(pdftex.def)             Requested size: 181.99722pt x 170.62482pt.
<smt1.jpg, id=422, 256.96pt x 224.84pt>
File: smt1.jpg Graphic file (type jpg)
<use smt1.jpg>
Package pdftex.def Info: smt1.jpg  used on input line 749.
(pdftex.def)             Requested size: 181.99722pt x 159.24983pt.
<smt2.jpg, id=423, 475.7775pt x 415.5525pt>
File: smt2.jpg Graphic file (type jpg)
<use smt2.jpg>
Package pdftex.def Info: smt2.jpg  used on input line 753.
(pdftex.def)             Requested size: 181.99722pt x 158.95782pt.
<smtif.jpg, id=424, 642.4pt x 481.8pt>
File: smtif.jpg Graphic file (type jpg)
<use smtif.jpg>
Package pdftex.def Info: smtif.jpg  used on input line 757.
(pdftex.def)             Requested size: 181.99722pt x 136.49838pt.
 [28 <./mt.jpg> <./smt1.jpg> <./smt2.jpg> <./smtif.jpg>]
<mtb.jpg, id=429, 256.96pt x 224.84pt>
File: mtb.jpg Graphic file (type jpg)
<use mtb.jpg>
Package pdftex.def Info: mtb.jpg  used on input line 772.
(pdftex.def)             Requested size: 181.99722pt x 159.24983pt.
<smt1b.jpg, id=430, 803.0pt x 702.625pt>
File: smt1b.jpg Graphic file (type jpg)
<use smt1b.jpg>
Package pdftex.def Info: smt1b.jpg  used on input line 776.
(pdftex.def)             Requested size: 181.99722pt x 159.24168pt.
<smt2b.jpg, id=431, 256.96pt x 224.84pt>
File: smt2b.jpg Graphic file (type jpg)
<use smt2b.jpg>
Package pdftex.def Info: smt2b.jpg  used on input line 780.
(pdftex.def)             Requested size: 181.99722pt x 159.24983pt.
<smtifb.jpg, id=432, 642.4pt x 481.8pt>
File: smtifb.jpg Graphic file (type jpg)
<use smtifb.jpg>
Package pdftex.def Info: smtifb.jpg  used on input line 784.
(pdftex.def)             Requested size: 181.99722pt x 136.49838pt.
 [29 <./mtb.jpg> <./smt1b.jpg> <./smt2b.jpg> <./smtifb.jpg>]
<eo.jpg, id=438, 256.96pt x 385.44pt>
File: eo.jpg Graphic file (type jpg)
<use eo.jpg>
Package pdftex.def Info: eo.jpg  used on input line 802.
(pdftex.def)             Requested size: 163.80028pt x 245.70445pt.
<eonexus.jpg, id=439, 401.5pt x 481.8pt>
File: eonexus.jpg Graphic file (type jpg)
<use eonexus.jpg>
Package pdftex.def Info: eonexus.jpg  used on input line 806.
(pdftex.def)             Requested size: 200.20111pt x 240.2451pt.
<eob.jpg, id=440, 513.92pt x 385.44pt>
File: eob.jpg Graphic file (type jpg)
<use eob.jpg>
Package pdftex.def Info: eob.jpg  used on input line 818.
(pdftex.def)             Requested size: 163.80028pt x 122.84929pt.
<eonexusb.jpg, id=441, 401.5pt x 240.9pt>
File: eonexusb.jpg Graphic file (type jpg)
<use eonexusb.jpg>
Package pdftex.def Info: eonexusb.jpg  used on input line 822.
(pdftex.def)             Requested size: 200.20111pt x 120.12254pt.


LaTeX Warning: `!h' float specifier changed to `!ht'.

[30 <./eo.jpg> <./eonexus.jpg>] [31 <./eob.jpg> <./eonexusb.jpg>] [32

]
Underfull \vbox (badness 4872) has occurred while \output is active []

 [33]
<lab1.jpg, id=458, 1167.36125pt x 656.4525pt>
File: lab1.jpg Graphic file (type jpg)
<use lab1.jpg>
Package pdftex.def Info: lab1.jpg  used on input line 854.
(pdftex.def)             Requested size: 181.99722pt x 102.34006pt.
<lab2.jpg, id=459, 1169.36874pt x 656.4525pt>
File: lab2.jpg Graphic file (type jpg)
<use lab2.jpg>
Package pdftex.def Info: lab2.jpg  used on input line 857.
(pdftex.def)             Requested size: 181.99722pt x 102.15976pt.
LaTeX Font Info:    Trying to load font information for TS1+lmr on input line 8
65.

(C:\Users\hugos\AppData\Local\Programs\MiKTeX\tex/latex/lm\ts1lmr.fd
File: ts1lmr.fd 2009/10/30 v1.6 Font defs for Latin Modern
)
<mainmenu.jpg, id=460, 1165.35374pt x 655.44875pt>
File: mainmenu.jpg Graphic file (type jpg)
<use mainmenu.jpg>
Package pdftex.def Info: mainmenu.jpg  used on input line 873.
(pdftex.def)             Requested size: 455.0pt x 255.91402pt.


LaTeX Warning: `!h' float specifier changed to `!ht'.

<status.jpg, id=461, 1165.35374pt x 653.44125pt>
File: status.jpg Graphic file (type jpg)
<use status.jpg>
Package pdftex.def Info: status.jpg  used on input line 885.
(pdftex.def)             Requested size: 204.74861pt x 114.80261pt.
<nickname.jpg, id=462, 1165.35374pt x 657.45625pt>
File: nickname.jpg Graphic file (type jpg)
<use nickname.jpg>
Package pdftex.def Info: nickname.jpg  used on input line 889.
(pdftex.def)             Requested size: 204.74861pt x 115.508pt.
<skills.jpg, id=463, 1162.3425pt x 654.445pt>
File: skills.jpg Graphic file (type jpg)
<use skills.jpg>
Package pdftex.def Info: skills.jpg  used on input line 893.
(pdftex.def)             Requested size: 204.74861pt x 115.27853pt.
<bag.jpg, id=464, 1166.3575pt x 655.44875pt>
File: bag.jpg Graphic file (type jpg)
<use bag.jpg>
Package pdftex.def Info: bag.jpg  used on input line 897.
(pdftex.def)             Requested size: 204.74861pt x 115.05528pt.

LaTeX Warning: `!h' float specifier changed to `!ht'.


Underfull \vbox (badness 10000) has occurred while \output is active []

 [34 <./lab1.jpg> <./lab2.jpg>] [35 <./mainmenu.jpg> <./status.jpg> <./nickname
.jpg> <./skills.jpg> <./bag.jpg>]
<itemspot.jpg, id=475, 1164.35pt x 656.4525pt>
File: itemspot.jpg Graphic file (type jpg)
<use itemspot.jpg>
Package pdftex.def Info: itemspot.jpg  used on input line 913.
(pdftex.def)             Requested size: 181.99722pt x 102.6005pt.
<itemprompt.jpg, id=476, 1165.35374pt x 658.46pt>
File: itemprompt.jpg Graphic file (type jpg)
<use itemprompt.jpg>
Package pdftex.def Info: itemprompt.jpg  used on input line 917.
(pdftex.def)             Requested size: 181.99722pt x 102.83388pt.
<cogumelos.jpg, id=477, 1164.35pt x 656.4525pt>
File: cogumelos.jpg Graphic file (type jpg)
<use cogumelos.jpg>
Package pdftex.def Info: cogumelos.jpg  used on input line 931.
(pdftex.def)             Requested size: 213.85056pt x 120.56033pt.
<prompt.jpg, id=478, 1164.35pt x 658.46pt>
File: prompt.jpg Graphic file (type jpg)
<use prompt.jpg>
Package pdftex.def Info: prompt.jpg  used on input line 935.
(pdftex.def)             Requested size: 213.85056pt x 120.92903pt.
<warning.jpg, id=479, 1165.35374pt x 656.4525pt>
File: warning.jpg Graphic file (type jpg)
<use warning.jpg>
Package pdftex.def Info: warning.jpg  used on input line 939.
(pdftex.def)             Requested size: 213.85056pt x 120.46017pt.
<exit.jpg, id=480, 271.9761pt x 152.4897pt>
File: exit.jpg Graphic file (type jpg)
<use exit.jpg>
Package pdftex.def Info: exit.jpg  used on input line 943.
(pdftex.def)             Requested size: 213.85056pt x 119.90245pt.


LaTeX Warning: `!h' float specifier changed to `!ht'.


Underfull \vbox (badness 10000) has occurred while \output is active []

 [36 <./itemspot.jpg> <./itemprompt.jpg>]
<minimap.jpg, id=485, 42.8802pt x 42.8802pt>
File: minimap.jpg Graphic file (type jpg)
<use minimap.jpg>
Package pdftex.def Info: minimap.jpg  used on input line 956.
(pdftex.def)             Requested size: 181.99722pt x 182.01852pt.
<icon1.jpg, id=486, 11.19676pt x 14.25043pt>
File: icon1.jpg Graphic file (type jpg)
<use icon1.jpg>
Package pdftex.def Info: icon1.jpg  used on input line 964.
(pdftex.def)             Requested size: 45.50278pt x 57.91978pt.
<icon2.jpg, id=487, 11.19676pt x 18.32198pt>
File: icon2.jpg Graphic file (type jpg)
<use icon2.jpg>
Package pdftex.def Info: icon2.jpg  used on input line 967.
(pdftex.def)             Requested size: 45.50278pt x 74.46828pt.
<icon3.jpg, id=488, 18.32198pt x 16.2862pt>
File: icon3.jpg Graphic file (type jpg)
<use icon3.jpg>
Package pdftex.def Info: icon3.jpg  used on input line 970.
(pdftex.def)             Requested size: 45.50278pt x 40.45016pt.
<icon4.jpg, id=489, 18.32198pt x 18.32198pt>
File: icon4.jpg Graphic file (type jpg)
<use icon4.jpg>
Package pdftex.def Info: icon4.jpg  used on input line 973.
(pdftex.def)             Requested size: 45.50278pt x 45.50648pt.
<playericon.png, id=490, 48.18pt x 48.18pt>
File: playericon.png Graphic file (type png)
<use playericon.png>
Package pdftex.def Info: playericon.png  used on input line 976.
(pdftex.def)             Requested size: 45.50278pt x 45.50237pt.


LaTeX Warning: `!h' float specifier changed to `!ht'.

[37 <./cogumelos.jpg> <./prompt.jpg> <./warning.jpg> <./exit.jpg> <./minimap.jp
g>] [38 <./icon1.jpg> <./icon2.jpg> <./icon3.jpg> <./icon4.jpg> <./playericon.p
ng>]
<statscreen.jpg, id=500, 473.77pt x 312.16624pt>
File: statscreen.jpg Graphic file (type jpg)
<use statscreen.jpg>
Package pdftex.def Info: statscreen.jpg  used on input line 1014.
(pdftex.def)             Requested size: 227.5pt x 149.90001pt.
 [39 <./statscreen.jpg>]
LaTeX Font Info:    External font `lmex10' loaded for size
(Font)              <9> on input line 1030.

Overfull \hbox (90.99036pt too wide) in paragraph at lines 1030--1046
 [][] 
 []

[40]
<options.jpg, id=511, 1166.3575pt x 656.4525pt>
File: options.jpg Graphic file (type jpg)
<use options.jpg>
Package pdftex.def Info: options.jpg  used on input line 1065.
(pdftex.def)             Requested size: 227.5pt x 128.04277pt.
<attack.jpg, id=512, 1164.35pt x 655.44875pt>
File: attack.jpg Graphic file (type jpg)
<use attack.jpg>
Package pdftex.def Info: attack.jpg  used on input line 1069.
(pdftex.def)             Requested size: 227.5pt x 128.06702pt.
<guard.jpg, id=513, 1168.365pt x 657.45625pt>
File: guard.jpg Graphic file (type jpg)
<use guard.jpg>
Package pdftex.def Info: guard.jpg  used on input line 1073.
(pdftex.def)             Requested size: 227.5pt x 128.01785pt.
 [41 <./options.jpg> <./attack.jpg> <./guard.jpg>]
<skillmenu.jpg, id=519, 1169.36874pt x 661.47125pt>
File: skillmenu.jpg Graphic file (type jpg)
<use skillmenu.jpg>
Package pdftex.def Info: skillmenu.jpg  used on input line 1092.
(pdftex.def)             Requested size: 222.9525pt x 126.11485pt.
<aoe.jpg, id=520, 1163.34625pt x 657.45625pt>
File: aoe.jpg Graphic file (type jpg)
<use aoe.jpg>
Package pdftex.def Info: aoe.jpg  used on input line 1096.
(pdftex.def)             Requested size: 222.9525pt x 126.00143pt.
<heal.jpg, id=521, 1170.3725pt x 656.4525pt>
File: heal.jpg Graphic file (type jpg)
<use heal.jpg>
Package pdftex.def Info: heal.jpg  used on input line 1100.
(pdftex.def)             Requested size: 222.9525pt x 125.0478pt.
<support.jpg, id=522, 1166.3575pt x 655.44875pt>
File: support.jpg Graphic file (type jpg)
<use support.jpg>
Package pdftex.def Info: support.jpg  used on input line 1104.
(pdftex.def)             Requested size: 222.9525pt x 125.28665pt.
<itemmenu.jpg, id=523, 1166.3575pt x 658.46pt>
File: itemmenu.jpg Graphic file (type jpg)
<use itemmenu.jpg>
Package pdftex.def Info: itemmenu.jpg  used on input line 1115.
(pdftex.def)             Requested size: 227.5pt x 128.43434pt.


LaTeX Warning: `!h' float specifier changed to `!ht'.

<enemyformation.jpg, id=524, 688.5725pt x 280.04625pt>
File: enemyformation.jpg Graphic file (type jpg)
<use enemyformation.jpg>
Package pdftex.def Info: enemyformation.jpg  used on input line 1126.
(pdftex.def)             Requested size: 227.5pt x 92.52237pt.
<partyformation.jpg, id=525, 904.37875pt x 168.63pt>
File: partyformation.jpg Graphic file (type jpg)
<use partyformation.jpg>
Package pdftex.def Info: partyformation.jpg  used on input line 1130.
(pdftex.def)             Requested size: 227.5pt x 42.41727pt.

LaTeX Warning: `!h' float specifier changed to `!ht'.

<endscreen.jpg, id=526, 1143.27126pt x 618.31pt>
File: endscreen.jpg Graphic file (type jpg)
<use endscreen.jpg>
Package pdftex.def Info: endscreen.jpg  used on input line 1143.
(pdftex.def)             Requested size: 227.5pt x 123.03711pt.

Underfull \vbox (badness 10000) has occurred while \output is active []

 [42 <./skillmenu.jpg> <./aoe.jpg> <./heal.jpg> <./support.jpg>]
<learn.jpg, id=531, 1167.36125pt x 658.46pt>
File: learn.jpg Graphic file (type jpg)
<use learn.jpg>
Package pdftex.def Info: learn.jpg  used on input line 1151.
(pdftex.def)             Requested size: 227.5pt x 128.32382pt.


LaTeX Warning: `!h' float specifier changed to `!ht'.

<stage1.png, id=532, 12.7677pt x 9.57578pt>
File: stage1.png Graphic file (type png)
<use stage1.png>
Package pdftex.def Info: stage1.png  used on input line 1160.
(pdftex.def)             Requested size: 90.99861pt x 68.25964pt.
<stage2.png, id=533, 17.28458pt x 13.7313pt>
File: stage2.png Graphic file (type png)
<use stage2.png>
Package pdftex.def Info: stage2.png  used on input line 1164.
(pdftex.def)             Requested size: 136.50139pt x 108.4603pt.
<stage3.png, id=534, 29.75114pt x 26.80013pt>
File: stage3.png Graphic file (type png)
<use stage3.png>
Package pdftex.def Info: stage3.png  used on input line 1168.
(pdftex.def)             Requested size: 204.74861pt x 184.4457pt.

LaTeX Warning: `!h' float specifier changed to `!ht'.


Underfull \vbox (badness 1509) has occurred while \output is active []

 [43 <./itemmenu.jpg> <./enemyformation.jpg> <./partyformation.jpg> <./endscree
n.jpg>]
<menutemplate.jpg, id=539, 247.92625pt x 240.9pt>
File: menutemplate.jpg Graphic file (type jpg)
<use menutemplate.jpg>
Package pdftex.def Info: menutemplate.jpg  used on input line 1182.
(pdftex.def)             Requested size: 113.75pt x 110.52495pt.
<skilltemplate.jpg, id=540, 311.1625pt x 171.64125pt>
File: skilltemplate.jpg Graphic file (type jpg)
<use skilltemplate.jpg>
Package pdftex.def Info: skilltemplate.jpg  used on input line 1186.
(pdftex.def)             Requested size: 159.25278pt x 87.84491pt.
<bagtemplate.jpg, id=541, 324.21124pt x 239.89626pt>
File: bagtemplate.jpg Graphic file (type jpg)
<use bagtemplate.jpg>
Package pdftex.def Info: bagtemplate.jpg  used on input line 1190.
(pdftex.def)             Requested size: 159.25278pt x 117.83937pt.


LaTeX Warning: `!h' float specifier changed to `!ht'.

<resultstemplate.jpg, id=542, 610.28pt x 343.2825pt>
File: resultstemplate.jpg Graphic file (type jpg)
<use resultstemplate.jpg>
Package pdftex.def Info: resultstemplate.jpg  used on input line 1202.
(pdftex.def)             Requested size: 250.25139pt x 140.76767pt.
<statstemplate.jpg, id=543, 708.6475pt x 361.35pt>
File: statstemplate.jpg Graphic file (type jpg)
<use statstemplate.jpg>
Package pdftex.def Info: statstemplate.jpg  used on input line 1206.
(pdftex.def)             Requested size: 250.25139pt x 127.6047pt.
<hudtemplate.jpg, id=544, 302.12875pt x 92.345pt>
File: hudtemplate.jpg Graphic file (type jpg)
<use hudtemplate.jpg>
Package pdftex.def Info: hudtemplate.jpg  used on input line 1210.
(pdftex.def)             Requested size: 136.50139pt x 41.72112pt.

LaTeX Warning: `!h' float specifier changed to `!ht'.


Underfull \vbox (badness 10000) has occurred while \output is active []

 [44 <./learn.jpg> <./stage1.png> <./stage2.png> <./stage3.png>] [45 <./menutem
plate.jpg> <./skilltemplate.jpg> <./bagtemplate.jpg> <./resultstemplate.jpg> <.
/statstemplate.jpg> <./hudtemplate.jpg>] [46

]
<unityeditor.jpg, id=562, 1606.0pt x 903.375pt>
File: unityeditor.jpg Graphic file (type jpg)
<use unityeditor.jpg>
Package pdftex.def Info: unityeditor.jpg  used on input line 1230.
(pdftex.def)             Requested size: 295.74722pt x 166.34982pt.
<gimp.jpg, id=563, 1954.34366pt x 1099.31831pt>
File: gimp.jpg Graphic file (type jpg)
<use gimp.jpg>
Package pdftex.def Info: gimp.jpg  used on input line 1239.
(pdftex.def)             Requested size: 295.74722pt x 166.34999pt.


LaTeX Warning: `!h' float specifier changed to `!ht'.


Underfull \vbox (badness 10000) has occurred while \output is active []

 [47 <./unityeditor.jpg>]
<playerobject.jpg, id=570, 462.528pt x 260.172pt>
File: playerobject.jpg Graphic file (type jpg)
<use playerobject.jpg>
Package pdftex.def Info: playerobject.jpg  used on input line 1263.
(pdftex.def)             Requested size: 295.74722pt x 166.36658pt.
 [48 <./gimp.jpg> <./playerobject.jpg>]
Underfull \vbox (badness 10000) has occurred while \output is active []

 [49]
Package hyperref Info: bookmark level for unknown lstlisting defaults to 0 on i
nput line 1280.
LaTeX Font Info:    Trying to load font information for T1+lmtt on input line 1
280.

(C:\Users\hugos\AppData\Local\Programs\MiKTeX\tex/latex/lm\t1lmtt.fd
File: t1lmtt.fd 2009/10/30 v1.6 Font defs for Latin Modern
)
Package microtype Info: Loading generic protrusion settings for font family
(microtype)             `lmtt' (encoding: T1).
(microtype)             For optimal results, create family-specific settings.
(microtype)             See the microtype manual for details.

(EncounterTable.json)
Underfull \vbox (badness 10000) has occurred while \output is active []

 [50]
<encounterZones.png, id=622, 1405.25pt x 2107.875pt>
File: encounterZones.png Graphic file (type png)
<use encounterZones.png>
Package pdftex.def Info: encounterZones.png  used on input line 1291.
(pdftex.def)             Requested size: 204.74861pt x 307.09749pt.
<dungeonItens.png, id=623, 1405.25pt x 2107.875pt>
File: dungeonItens.png Graphic file (type png)
<use dungeonItens.png>
Package pdftex.def Info: dungeonItens.png  used on input line 1295.
(pdftex.def)             Requested size: 204.74861pt x 307.09749pt.
<basicLab.png, id=625, 396.5214pt x 171.039pt>
File: basicLab.png Graphic file (type png)
<use basicLab.png>
Package pdftex.def Info: basicLab.png  used on input line 1307.
(pdftex.def)             Requested size: 341.25pt x 147.20288pt.
<basicLab2.png, id=626, 396.0396pt x 169.5936pt>
File: basicLab2.png Graphic file (type png)
<use basicLab2.png>
Package pdftex.def Info: basicLab2.png  used on input line 1311.
(pdftex.def)             Requested size: 341.25pt x 146.1323pt.


LaTeX Warning: `!h' float specifier changed to `!ht'.

[51 <./encounterZones.png> <./dungeonItens.png>]
<prettyLab.png, id=634, 396.0396pt x 169.5936pt>
File: prettyLab.png Graphic file (type png)
<use prettyLab.png>
Package pdftex.def Info: prettyLab.png  used on input line 1322.
(pdftex.def)             Requested size: 341.25pt x 146.1323pt.
LaTeX Font Info:    Font shape `T1/lmss/m/it' in size <12> not available
(Font)              Font shape `T1/lmss/m/sl' tried instead on input line 1331.


Underfull \vbox (badness 5578) has occurred while \output is active []

 [52 <./basicLab.png> <./basicLab2.png> <./prettyLab.png>]
(C:\Users\hugos\AppData\Local\Programs\MiKTeX\tex/latex/listings\lstlang1.sty
File: lstlang1.sty 2020/03/24 1.8d listings language file
)
[53] [54]
LaTeX Font Info:    Font shape `T1/lmss/m/it' in size <17.28> not available
(Font)              Font shape `T1/lmss/m/sl' tried instead on input line 1452.

 [55] [56

] [57] [58

] (Monografia.bbl (Monografia.brf)
\tf@brf=\write5
\openout5 = `Monografia.brf'.

 [59] [60

]
bibitemlist
) (Monografia.ind) [61]
\tf@lof=\write6
\openout6 = `Monografia.lof'.

\tf@lot=\write7
\openout7 = `Monografia.lot'.

\tf@lol=\write8
\openout8 = `Monografia.lol'.

\tf@toc=\write9
\openout9 = `Monografia.toc'.

 (Monografia.aux)

LaTeX Warning: There were multiply-defined labels.

Package rerunfilecheck Info: File `Monografia.brf' has not changed.
(rerunfilecheck)             Checksum: 448BBF3DC6579CD50AA4947C5D4CCBCE;439.
 ) 
Here is how much of TeX's memory you used:
 22527 strings out of 478927
 350956 string characters out of 2852535
 1118157 words of memory out of 3000000
 39446 multiletter control sequences out of 15000+600000
 519152 words of font info for 206 fonts, out of 8000000 for 9000
 1141 hyphenation exceptions out of 8191
 75i,13n,81p,1308b,1886s stack positions out of 5000i,500n,10000p,200000b,80000s
{C:/Users/hugos/AppData/Local/Programs/MiKTeX/fonts/enc/dvips/lm/lm-ec.enc}{C
:/Users/hugos/AppData/Local/Programs/MiKTeX/fonts/enc/dvips/lm/lm-mathit.enc}{C
:/Users/hugos/AppData/Local/Programs/MiKTeX/fonts/enc/dvips/lm/lm-mathsy.enc}{C
:/Users/hugos/AppData/Local/Programs/MiKTeX/fonts/enc/dvips/lm/lm-rm.enc}{C:/Us
ers/hugos/AppData/Local/Programs/MiKTeX/fonts/enc/dvips/lm/lm-ts1.enc}<C:/Users
/hugos/AppData/Local/Programs/MiKTeX/fonts/type1/public/lm/lmbx12.pfb><C:/Users
/hugos/AppData/Local/Programs/MiKTeX/fonts/type1/public/lm/lmmi12.pfb><C:/Users
/hugos/AppData/Local/Programs/MiKTeX/fonts/type1/public/lm/lmmi8.pfb><C:/Users/
hugos/AppData/Local/Programs/MiKTeX/fonts/type1/public/lm/lmr10.pfb><C:/Users/h
ugos/AppData/Local/Programs/MiKTeX/fonts/type1/public/lm/lmr12.pfb><C:/Users/hu
gos/AppData/Local/Programs/MiKTeX/fonts/type1/public/lm/lmr7.pfb><C:/Users/hugo
s/AppData/Local/Programs/MiKTeX/fonts/type1/public/lm/lmr8.pfb><C:/Users/hugos/
AppData/Local/Programs/MiKTeX/fonts/type1/public/lm/lmr9.pfb><C:/Users/hugos/Ap
pData/Local/Programs/MiKTeX/fonts/type1/public/lm/lmri10.pfb><C:/Users/hugos/Ap
pData/Local/Programs/MiKTeX/fonts/type1/public/lm/lmri12.pfb><C:/Users/hugos/Ap
pData/Local/Programs/MiKTeX/fonts/type1/public/lm/lmss10.pfb><C:/Users/hugos/Ap
pData/Local/Programs/MiKTeX/fonts/type1/public/lm/lmss12.pfb><C:/Users/hugos/Ap
pData/Local/Programs/MiKTeX/fonts/type1/public/lm/lmss17.pfb><C:/Users/hugos/Ap
pData/Local/Programs/MiKTeX/fonts/type1/public/lm/lmssbo10.pfb><C:/Users/hugos/
AppData/Local/Programs/MiKTeX/fonts/type1/public/lm/lmssbx10.pfb><C:/Users/hugo
s/AppData/Local/Programs/MiKTeX/fonts/type1/public/lm/lmsso10.pfb><C:/Users/hug
os/AppData/Local/Programs/MiKTeX/fonts/type1/public/lm/lmsso12.pfb><C:/Users/hu
gos/AppData/Local/Programs/MiKTeX/fonts/type1/public/lm/lmsso17.pfb><C:/Users/h
ugos/AppData/Local/Programs/MiKTeX/fonts/type1/public/lm/lmsy10.pfb><C:/Users/h
ugos/AppData/Local/Programs/MiKTeX/fonts/type1/public/lm/lmtt10.pfb><C:/Users/h
ugos/AppData/Local/Programs/MiKTeX/fonts/type1/public/lm/lmtt12.pfb>
Output written on Monografia.pdf (63 pages, 34919471 bytes).
PDF statistics:
 1138 PDF objects out of 1200 (max. 8388607)
 266 named destinations out of 1000 (max. 500000)
 69606 words of extra memory for PDF output out of 74296 (max. 10000000)

